2023-07-19T10:26:48+00:00 CRITICAL Maximum execution time of 120 seconds exceeded in C:\xampp\htdocs\wordpress\wp-content\plugins\elementor\includes\autoloader.php on line 293

2023-07-19T10:46:07+00:00 CRITICAL Maximum execution time of 120 seconds exceeded in C:\xampp\htdocs\wordpress\wp-includes\functions.php on line 4550

2023-07-19T11:18:29+00:00 CRITICAL Uncaught Exception: Invalid post. in C:\xampp\htdocs\wordpress\wp-content\plugins\elementor\core\settings\page\manager.php:101
Stack trace:
#0 C:\xampp\htdocs\wordpress\wp-content\plugins\elementor\core\base\document.php(1688): Elementor\Core\Settings\Page\Manager->ajax_before_save_settings(Array, NULL)
#1 C:\xampp\htdocs\wordpress\wp-content\plugins\elementor\core\base\document.php(800): Elementor\Core\Base\Document->save_settings(Array)
#2 C:\xampp\htdocs\wordpress\wp-content\plugins\elementor\core\kits\manager.php(295): Elementor\Core\Base\Document->update_settings(Array)
#3 C:\xampp\htdocs\wordpress\wp-content\plugins\elementor\core\kits\manager.php(457): Elementor\Core\Kits\Manager->update_kit_settings_based_on_option('site_name', 'TESnetwork Onli...')
#4 C:\xampp\htdocs\wordpress\wp-includes\class-wp-hook.php(310): Elementor\Core\Kits\Manager->Elementor\Core\Kits\{closure}('TESnetwork', 'TESnetwork Onli...')
#5 C:\xampp\htdocs\wordpress\wp-includes\class-wp-hook.php(332): WP_Hook->apply_filters('', Array)
#6 C:\xampp\htdocs\wordpress\wp-includes\plugin.php(517): WP_Hook->do_action(Array)
#7 C:\xampp\htdocs\wordpress\wp-includes\option.php(570): do_action('update_option_b...', 'TESnetwork', 'TESnetwork Onli...', 'blogname')
#8 C:\xampp\htdocs\wordpress\wp-admin\options.php(322): update_option('blogname', 'TESnetwork Onli...')
#9 {main}
  thrown in C:\xampp\htdocs\wordpress\wp-content\plugins\elementor\core\settings\page\manager.php on line 101

2023-07-19T11:19:00+00:00 CRITICAL Uncaught Exception: Invalid post. in C:\xampp\htdocs\wordpress\wp-content\plugins\elementor\core\settings\page\manager.php:101
Stack trace:
#0 C:\xampp\htdocs\wordpress\wp-content\plugins\elementor\core\base\document.php(1688): Elementor\Core\Settings\Page\Manager->ajax_before_save_settings(Array, NULL)
#1 C:\xampp\htdocs\wordpress\wp-content\plugins\elementor\core\base\document.php(800): Elementor\Core\Base\Document->save_settings(Array)
#2 C:\xampp\htdocs\wordpress\wp-content\plugins\elementor\core\kits\manager.php(295): Elementor\Core\Base\Document->update_settings(Array)
#3 C:\xampp\htdocs\wordpress\wp-content\plugins\elementor\core\kits\manager.php(461): Elementor\Core\Kits\Manager->update_kit_settings_based_on_option('site_descriptio...', 'Learn At Your O...')
#4 C:\xampp\htdocs\wordpress\wp-includes\class-wp-hook.php(310): Elementor\Core\Kits\Manager->Elementor\Core\Kits\{closure}('Online Technolo...', 'Learn At Your O...')
#5 C:\xampp\htdocs\wordpress\wp-includes\class-wp-hook.php(332): WP_Hook->apply_filters('', Array)
#6 C:\xampp\htdocs\wordpress\wp-includes\plugin.php(517): WP_Hook->do_action(Array)
#7 C:\xampp\htdocs\wordpress\wp-includes\option.php(570): do_action('update_option_b...', 'Online Technolo...', 'Learn At Your O...', 'blogdescription')
#8 C:\xampp\htdocs\wordpress\wp-admin\options.php(322): update_option('blogdescription', 'Learn At Your O...')
#9 {main}
  thrown in C:\xampp\htdocs\wordpress\wp-content\plugins\elementor\core\settings\page\manager.php on line 101

